<?xml version="1.0" encoding="UTF-8"?>
<!-- Generated by org.testng.reporters.JUnitXMLReporter -->
<testsuite ignored="0" hostname="DESKTOP-H4I3TSP" failures="0" tests="3" name="Surefire test" time="0.049" errors="0" timestamp="2024-06-11T22:23:58 IST">
  <testcase classname="Demo.mvnproject.DataProTest" name="loginTest" time="0.009"/>
  <testcase classname="Demo.mvnproject.DataProTest" name="loginTest" time="0.0"/>
  <testcase classname="Demo.mvnproject.DataProTest" name="loginTest" time="0.0"/>
</testsuite> <!-- Surefire test -->
