<?xml version="1.0" encoding="UTF-8"?>
<testng-results ignored="0" total="1" passed="1" failed="0" skipped="0">
  <reporter-output>
  </reporter-output>
  <suite started-at="2024-06-11T23:20:13 IST" name="Suite" finished-at="2024-06-11T23:20:46 IST" duration-ms="33097">
    <groups>
    </groups>
    <test started-at="2024-06-11T23:20:13 IST" name="Test" finished-at="2024-06-11T23:20:46 IST" duration-ms="33097">
      <class name="Demo.mvnproject.OneTest">
        <test-method signature="SampleTest()[pri:0, instance:Demo.mvnproject.OneTest@619713e5]" started-at="2024-06-11T23:20:13 IST" name="SampleTest" finished-at="2024-06-11T23:20:46 IST" duration-ms="33051" status="PASS">
          <reporter-output>
          </reporter-output>
        </test-method> <!-- SampleTest -->
      </class> <!-- Demo.mvnproject.OneTest -->
    </test> <!-- Test -->
  </suite> <!-- Suite -->
</testng-results>
