<?xml version="1.0" encoding="UTF-8"?>
<testng-results ignored="0" total="1" passed="1" failed="0" skipped="0">
  <reporter-output>
  </reporter-output>
  <suite started-at="2024-09-19T12:01:52 IST" name="Default suite" finished-at="2024-09-19T12:01:52 IST" duration-ms="42">
    <groups>
    </groups>
    <test started-at="2024-09-19T12:01:52 IST" name="Default test" finished-at="2024-09-19T12:01:52 IST" duration-ms="42">
      <class name="Demo.mvnproject.Configuration_Annotations">
        <test-method is-config="true" signature="beforeSuite()[pri:0, instance:Demo.mvnproject.Configuration_Annotations@179ece50]" started-at="2024-09-19T12:01:51 IST" name="beforeSuite" finished-at="2024-09-19T12:01:52 IST" duration-ms="11" status="PASS">
          <reporter-output>
          </reporter-output>
        </test-method> <!-- beforeSuite -->
        <test-method is-config="true" signature="beforeTest()[pri:0, instance:Demo.mvnproject.Configuration_Annotations@179ece50]" started-at="2024-09-19T12:01:52 IST" name="beforeTest" finished-at="2024-09-19T12:01:52 IST" duration-ms="0" status="PASS">
          <reporter-output>
          </reporter-output>
        </test-method> <!-- beforeTest -->
        <test-method is-config="true" signature="beforeClass()[pri:0, instance:Demo.mvnproject.Configuration_Annotations@179ece50]" started-at="2024-09-19T12:01:52 IST" name="beforeClass" finished-at="2024-09-19T12:01:52 IST" duration-ms="1" status="PASS">
          <reporter-output>
          </reporter-output>
        </test-method> <!-- beforeClass -->
        <test-method is-config="true" signature="beforeMethod()[pri:0, instance:Demo.mvnproject.Configuration_Annotations@179ece50]" started-at="2024-09-19T12:01:52 IST" name="beforeMethod" finished-at="2024-09-19T12:01:52 IST" duration-ms="0" status="PASS">
          <reporter-output>
          </reporter-output>
        </test-method> <!-- beforeMethod -->
        <test-method signature="scheduleAppointment()[pri:0, instance:Demo.mvnproject.Configuration_Annotations@179ece50]" started-at="2024-09-19T12:01:52 IST" name="scheduleAppointment" finished-at="2024-09-19T12:01:52 IST" duration-ms="4" status="PASS">
          <reporter-output>
          </reporter-output>
        </test-method> <!-- scheduleAppointment -->
        <test-method is-config="true" signature="afterMethod()[pri:0, instance:Demo.mvnproject.Configuration_Annotations@179ece50]" started-at="2024-09-19T12:01:52 IST" name="afterMethod" finished-at="2024-09-19T12:01:52 IST" duration-ms="0" status="PASS">
          <reporter-output>
          </reporter-output>
        </test-method> <!-- afterMethod -->
        <test-method is-config="true" signature="afterClass()[pri:0, instance:Demo.mvnproject.Configuration_Annotations@179ece50]" started-at="2024-09-19T12:01:52 IST" name="afterClass" finished-at="2024-09-19T12:01:52 IST" duration-ms="1" status="PASS">
          <reporter-output>
          </reporter-output>
        </test-method> <!-- afterClass -->
        <test-method is-config="true" signature="afterTest()[pri:0, instance:Demo.mvnproject.Configuration_Annotations@179ece50]" started-at="2024-09-19T12:01:52 IST" name="afterTest" finished-at="2024-09-19T12:01:52 IST" duration-ms="0" status="PASS">
          <reporter-output>
          </reporter-output>
        </test-method> <!-- afterTest -->
        <test-method is-config="true" signature="afterSuite()[pri:0, instance:Demo.mvnproject.Configuration_Annotations@179ece50]" started-at="2024-09-19T12:01:52 IST" name="afterSuite" finished-at="2024-09-19T12:01:52 IST" duration-ms="0" status="PASS">
          <reporter-output>
          </reporter-output>
        </test-method> <!-- afterSuite -->
      </class> <!-- Demo.mvnproject.Configuration_Annotations -->
    </test> <!-- Default test -->
  </suite> <!-- Default suite -->
</testng-results>
